<?xml version="1.0" encoding="UTF-8"?>
<!-- Generated by org.testng.reporters.JUnitXMLReporter -->
<testsuite ignored="0" hostname="DESKTOP-C507970" failures="0" tests="3" name="Default test" time="0.035" errors="0" timestamp="2024-08-13T12:58:37 IST">
  <testcase classname="Com.TestNG.Groups$Priority" name="BrowserLaunch" time="0.007"/>
  <testcase classname="Com.TestNG.Groups$Priority" name="LaunchUrl" time="0.0"/>
  <testcase classname="Com.TestNG.Groups$Priority" name="amazonLogin" time="0.001"/>
</testsuite> <!-- Default test -->
