<?xml version="1.0" encoding="UTF-8"?>
<!-- Generated by org.testng.reporters.JUnitXMLReporter -->
<testsuite ignored="0" hostname="DESKTOP-C507970" failures="0" tests="6" name="Test" time="0.04" errors="0" timestamp="2024-08-13T12:59:00 IST">
  <testcase classname="Com.TestNG.Groups$Priority" name="BrowserLaunch" time="0.011"/>
  <testcase classname="Com.TestNG.Groups$Priority" name="LaunchUrl" time="0.0"/>
  <testcase classname="Com.TestNG.Groups$Priority" name="amazonLogin" time="0.001"/>
  <testcase classname="Com.TestNG.Priority" name="BrowserLaunch" time="0.001"/>
  <testcase classname="Com.TestNG.Priority" name="LaunchUrl" time="0.001"/>
  <testcase classname="Com.TestNG.Priority" name="amazonLogin" time="0.001"/>
</testsuite> <!-- Test -->
